<?xml version="1.0" encoding="UTF-8"?>
<!-- Generated by org.testng.reporters.JUnitReportReporter -->
<testsuite hostname="DESKTOP-KDVKGQG" failures="0" tests="1" name="GreenJeeva.EntityTest" time="30.410" errors="0" timestamp="2022-10-11T15:49:37 IST" skipped="0">
  <testcase classname="GreenJeeva.EntityTest" name="addNewCustomerEntity" time="30.410"/>
  <system-out/>
</testsuite> <!-- GreenJeeva.EntityTest -->
