<?xml version="1.0" encoding="UTF-8"?>
<!-- Generated by org.testng.reporters.JUnitReportReporter -->
<testsuite hostname="DESKTOP-KDVKGQG" failures="0" tests="3" name="GreenJeeva.EnquiriesTest" time="98.442" errors="0" timestamp="2022-10-11T15:49:37 IST" skipped="0">
  <testcase classname="GreenJeeva.EnquiriesTest" name="add_New_Enquiry" time="47.932"/>
  <system-out/>
  <testcase classname="GreenJeeva.EnquiriesTest" name="Enquiry_SortingOfPriorityVerification" time="31.992"/>
  <system-out/>
  <testcase classname="GreenJeeva.EnquiriesTest" name="Enquiry_SortingOfStatus" time="18.518"/>
  <system-out/>
</testsuite> <!-- GreenJeeva.EnquiriesTest -->
