<?xml version="1.0" encoding="UTF-8"?>
<!-- Generated by org.testng.reporters.JUnitReportReporter -->
<testsuite hostname="DESKTOP-KDVKGQG" failures="0" tests="1" name="GreenJeeva.SaleOrderTest" time="39.955" errors="0" timestamp="2022-10-11T15:49:37 IST" skipped="0">
  <testcase classname="GreenJeeva.SaleOrderTest" name="add_Sales_Order" time="39.955"/>
  <system-out/>
</testsuite> <!-- GreenJeeva.SaleOrderTest -->
