<?xml version="1.0" encoding="UTF-8"?>
<!-- Generated by org.testng.reporters.JUnitReportReporter -->
<testsuite hostname="DESKTOP-KDVKGQG" failures="0" tests="1" name="GreenJeeva.ProductTest" time="16.502" errors="0" timestamp="2022-10-11T15:49:37 IST" skipped="0">
  <testcase classname="GreenJeeva.ProductTest" name="clickOnProduct" time="16.502"/>
  <system-out/>
</testsuite> <!-- GreenJeeva.ProductTest -->
