<?xml version="1.0" encoding="UTF-8"?>
<!-- Generated by org.testng.reporters.JUnitReportReporter -->
<testsuite hostname="DESKTOP-KDVKGQG" failures="0" tests="2" name="GreenJeeva.Purchase.CancelRejectPOTest" time="80.512" errors="0" timestamp="2022-12-06T23:16:35 IST" skipped="0">
  <testcase classname="GreenJeeva.Purchase.CancelRejectPOTest" name="cancel_Purchase_Order" time="39.559"/>
  <system-out/>
  <testcase classname="GreenJeeva.Purchase.CancelRejectPOTest" name="reject_Purchase_Order" time="40.953"/>
  <system-out/>
</testsuite> <!-- GreenJeeva.Purchase.CancelRejectPOTest -->
