<?xml version="1.0" encoding="UTF-8"?>
<!-- Generated by org.testng.reporters.JUnitReportReporter -->
<testsuite hostname="DESKTOP-KDVKGQG" failures="0" tests="2" name="GreenJeeva.Purchase.CancelRejectPOTest" time="65.387" errors="0" timestamp="2022-12-19T18:30:27 IST" skipped="0">
  <testcase classname="GreenJeeva.Purchase.CancelRejectPOTest" name="cancel_Purchase_Order" time="33.438"/>
  <system-out/>
  <testcase classname="GreenJeeva.Purchase.CancelRejectPOTest" name="reject_Purchase_Order" time="31.949"/>
  <system-out/>
</testsuite> <!-- GreenJeeva.Purchase.CancelRejectPOTest -->
