<?xml version="1.0" encoding="UTF-8"?>
<!-- Generated by org.testng.reporters.JUnitReportReporter -->
<testsuite hostname="DESKTOP-KDVKGQG" failures="0" tests="2" name="GreenJeeva.Purchase.RFQTest" time="52.400" errors="0" timestamp="2022-12-23T15:22:57 IST" skipped="0">
  <testcase classname="GreenJeeva.Purchase.RFQTest" name="add_rfq" time="28.992"/>
  <system-out/>
  <testcase classname="GreenJeeva.Purchase.RFQTest" name="edit_rfq" time="23.408"/>
  <system-out/>
</testsuite> <!-- GreenJeeva.Purchase.RFQTest -->
