<?xml version="1.0" encoding="UTF-8"?>
<!-- Generated by org.testng.reporters.JUnitReportReporter -->
<testsuite hostname="DESKTOP-KDVKGQG" failures="0" tests="1" name="GreenJeeva.RMA" time="67.566" errors="0" timestamp="2022-11-02T17:53:15 IST" skipped="0">
  <testcase classname="GreenJeeva.RMA" name="add_Sales_Order" time="67.566"/>
  <system-out/>
</testsuite> <!-- GreenJeeva.RMA -->
