<?xml version="1.0" encoding="UTF-8"?>
<!-- Generated by org.testng.reporters.JUnitReportReporter -->
<testsuite hostname="DESKTOP-KDVKGQG" failures="0" tests="2" name="GreenJeeva.Purchase.ReceivedQuotationTest" time="25.682" errors="0" timestamp="2022-12-28T16:15:36 IST" skipped="1">
  <testcase classname="GreenJeeva.Purchase.ReceivedQuotationTest" name="received_quotation_convert_to_purchase" time="25.682"/>
  <system-out/>
  <testcase classname="GreenJeeva.Purchase.ReceivedQuotationTest" name="delete_received_quotation">
    <skipped/>
  </testcase> <!-- delete_received_quotation -->
  <system-out/>
</testsuite> <!-- GreenJeeva.Purchase.ReceivedQuotationTest -->
