<?xml version="1.0" encoding="UTF-8"?>
<!-- Generated by org.testng.reporters.JUnitReportReporter -->
<testsuite hostname="DESKTOP-KDVKGQG" failures="0" tests="10" name="GreenJeeva.Purchase.PurchaseOrderTest" time="129.247" errors="0" timestamp="2023-01-06T17:25:02 IST" skipped="0">
  <testcase classname="GreenJeeva.Purchase.PurchaseOrderTest" name="add_purchase_order" time="30.210"/>
  <system-out/>
  <testcase classname="GreenJeeva.Purchase.PurchaseOrderTest" name="PO_Updating_current_status" time="11.327"/>
  <system-out/>
  <testcase classname="GreenJeeva.Purchase.PurchaseOrderTest" name="edit_purchase_order" time="9.094"/>
  <system-out/>
  <testcase classname="GreenJeeva.Purchase.PurchaseOrderTest" name="delete_purchase_order" time="12.054"/>
  <system-out/>
  <testcase classname="GreenJeeva.Purchase.PurchaseOrderTest" name="purchaseorder_SortingOfStatus" time="6.857"/>
  <system-out/>
  <testcase classname="GreenJeeva.Purchase.PurchaseOrderTest" name="add_note_purchase_order" time="9.406"/>
  <system-out/>
  <testcase classname="GreenJeeva.Purchase.PurchaseOrderTest" name="download_pdf_purchase_order" time="12.920"/>
  <system-out/>
  <testcase classname="GreenJeeva.Purchase.PurchaseOrderTest" name="attach_file_client_purchase_order" time="11.722"/>
  <system-out/>
  <testcase classname="GreenJeeva.Purchase.PurchaseOrderTest" name="view_as_client_purchase_order" time="12.782"/>
  <system-out/>
  <testcase classname="GreenJeeva.Purchase.PurchaseOrderTest" name="print_purchase_order" time="12.875"/>
  <system-out/>
</testsuite> <!-- GreenJeeva.Purchase.PurchaseOrderTest -->
