<?xml version="1.0" encoding="UTF-8"?>
<!-- Generated by org.testng.reporters.JUnitReportReporter -->
<testsuite hostname="DESKTOP-KDVKGQG" failures="0" tests="3" name="GreenJeeva.QuotationsTest" time="71.360" errors="0" timestamp="2022-11-21T19:22:15 IST" skipped="0">
  <testcase classname="GreenJeeva.QuotationsTest" name="convert_To_Quotation" time="28.006"/>
  <system-out/>
  <testcase classname="GreenJeeva.QuotationsTest" name="convert_To_SalesOrder" time="27.027"/>
  <system-out/>
  <testcase classname="GreenJeeva.QuotationsTest" name="quotation_salesRep_sorting" time="16.327"/>
  <system-out/>
</testsuite> <!-- GreenJeeva.QuotationsTest -->
