<?xml version="1.0" encoding="UTF-8"?>
<!-- Generated by org.testng.reporters.JUnitReportReporter -->
<testsuite hostname="DESKTOP-KDVKGQG" failures="0" tests="2" name="GreenJeeva.DeleteSOPO" time="56.440" errors="0" timestamp="2022-12-19T18:30:27 IST" skipped="0">
  <testcase classname="GreenJeeva.DeleteSOPO" name="delete_Sales_Order" time="31.274"/>
  <system-out/>
  <testcase classname="GreenJeeva.DeleteSOPO" name="delete_Purchase_Order" time="25.166"/>
  <system-out/>
</testsuite> <!-- GreenJeeva.DeleteSOPO -->
