<?xml version="1.0" encoding="UTF-8"?>
<!-- Generated by org.testng.reporters.JUnitReportReporter -->
<testsuite hostname="DESKTOP-KDVKGQG" failures="0" tests="3" name="GreenJeeva.Sales.DeletingProductFromMultipleList" time="118.283" errors="0" timestamp="2022-12-07T18:52:44 IST" skipped="0">
  <testcase classname="GreenJeeva.Sales.DeletingProductFromMultipleList" name="add_Enquiry_Multiple_Products" time="89.687"/>
  <system-out/>
  <testcase classname="GreenJeeva.Sales.DeletingProductFromMultipleList" name="Delete_products_while_converting_to_quotation" time="17.329"/>
  <system-out/>
  <testcase classname="GreenJeeva.Sales.DeletingProductFromMultipleList" name="verify_deleted_product_in_enquirylist" time="11.267"/>
  <system-out/>
</testsuite> <!-- GreenJeeva.Sales.DeletingProductFromMultipleList -->
