<?xml version="1.0" encoding="UTF-8"?>
<!-- Generated by org.testng.reporters.JUnitReportReporter -->
<testsuite hostname="DESKTOP-KDVKGQG" failures="0" tests="1" name="GreenJeeva.Purchase.CancelRejectPOTest" time="8.505" errors="0" timestamp="2023-01-23T16:53:36 IST" skipped="0">
  <testcase classname="GreenJeeva.Purchase.CancelRejectPOTest" name="download_pdf_account_Payable" time="8.505"/>
  <system-out/>
</testsuite> <!-- GreenJeeva.Purchase.CancelRejectPOTest -->
