<?xml version="1.0" encoding="UTF-8"?>
<!-- Generated by org.testng.reporters.JUnitReportReporter -->
<testsuite hostname="DESKTOP-KDVKGQG" failures="0" tests="1" name="GreenJeeva.Purchase.RecordPaymentTest" time="49.956" errors="0" timestamp="2023-01-13T14:51:03 IST" skipped="0">
  <testcase classname="GreenJeeva.Purchase.RecordPaymentTest" name="record_payment_for_Purchase_Order" time="49.956"/>
  <system-out/>
</testsuite> <!-- GreenJeeva.Purchase.RecordPaymentTest -->
