<?xml version="1.0" encoding="UTF-8"?>
<!-- Generated by org.testng.reporters.JUnitReportReporter -->
<testsuite hostname="DESKTOP-KDVKGQG" failures="0" tests="1" name="GreenJeeva.AccountPayableTest" time="14.448" errors="0" timestamp="2022-11-21T19:22:15 IST" skipped="0">
  <testcase classname="GreenJeeva.AccountPayableTest" name="PO_push_to_inventory" time="14.448"/>
  <system-out/>
</testsuite> <!-- GreenJeeva.AccountPayableTest -->
