<?xml version="1.0" encoding="UTF-8"?>
<!-- Generated by org.testng.reporters.JUnitReportReporter -->
<testsuite hostname="DESKTOP-KDVKGQG" failures="0" tests="3" name="GreenJeeva.InboundTrackingTest" time="66.359" errors="0" timestamp="2022-11-21T19:22:15 IST" skipped="0">
  <testcase classname="GreenJeeva.InboundTrackingTest" name="add_Inbound_Tracking" time="40.517"/>
  <system-out/>
  <testcase classname="GreenJeeva.InboundTrackingTest" name="gerenate_PutAway_Sheet" time="10.954"/>
  <system-out/>
  <testcase classname="GreenJeeva.InboundTrackingTest" name="verifying_product_received_functionality_of_PO" time="14.888"/>
  <system-out/>
</testsuite> <!-- GreenJeeva.InboundTrackingTest -->
