<?xml version="1.0" encoding="UTF-8"?>
<!-- Generated by org.testng.reporters.JUnitReportReporter -->
<testsuite hostname="DESKTOP-KDVKGQG" failures="0" tests="1" name="GreenJeeva.Purchase.AmountPaidTest" time="6.635" errors="0" timestamp="2023-01-23T15:39:11 IST" skipped="0">
  <testcase classname="GreenJeeva.Purchase.AmountPaidTest" name="download_pdf_amount_paid" time="6.635"/>
  <system-out/>
</testsuite> <!-- GreenJeeva.Purchase.AmountPaidTest -->
