<?xml version="1.0" encoding="UTF-8"?>
<!-- Generated by org.testng.reporters.JUnitReportReporter -->
<testsuite hostname="DESKTOP-KDVKGQG" failures="0" tests="1" name="GreenJeeva.Purchase.RecordPayamentTest" time="28.910" errors="0" timestamp="2022-12-19T18:30:27 IST" skipped="0">
  <testcase classname="GreenJeeva.Purchase.RecordPayamentTest" name="record_payent_for_Purchase_Order" time="28.910"/>
  <system-out/>
</testsuite> <!-- GreenJeeva.Purchase.RecordPayamentTest -->
