<?xml version="1.0" encoding="UTF-8"?>
<!-- Generated by org.testng.reporters.JUnitReportReporter -->
<testsuite hostname="DESKTOP-KDVKGQG" failures="0" tests="3" name="Sales.SalesPriceEstimateTest" time="69.363" errors="0" timestamp="2022-11-23T16:03:27 IST" skipped="0">
  <testcase classname="Sales.SalesPriceEstimateTest" name="add_sales_price_estimate" time="40.866"/>
  <system-out/>
  <testcase classname="Sales.SalesPriceEstimateTest" name="edit_sales_price_estimate" time="25.831"/>
  <system-out/>
  <testcase classname="Sales.SalesPriceEstimateTest" name="delete_sales_price_estimate" time="2.666"/>
  <system-out/>
</testsuite> <!-- Sales.SalesPriceEstimateTest -->
