<?xml version="1.0" encoding="UTF-8"?>
<!-- Generated by org.testng.reporters.JUnitReportReporter -->
<testsuite hostname="DESKTOP-KDVKGQG" failures="0" tests="2" name="GreenJeeva.Purchase.RFQTest" time="53.870" errors="0" timestamp="2023-01-09T14:39:23 IST" skipped="0">
  <testcase classname="GreenJeeva.Purchase.RFQTest" name="add_rfq" time="27.057"/>
  <system-out/>
  <testcase classname="GreenJeeva.Purchase.RFQTest" name="edit_rfq" time="26.813"/>
  <system-out/>
</testsuite> <!-- GreenJeeva.Purchase.RFQTest -->
