<?xml version="1.0" encoding="UTF-8"?>
<!-- Generated by org.testng.reporters.JUnitReportReporter -->
<testsuite hostname="DESKTOP-KDVKGQG" failures="0" tests="5" name="GreenJeeva.Purchase.RequisitionTest" time="153.855" errors="0" timestamp="2023-01-13T15:46:16 IST" skipped="0">
  <testcase classname="GreenJeeva.Purchase.RequisitionTest" name="add_requisition" time="32.592"/>
  <system-out/>
  <testcase classname="GreenJeeva.Purchase.RequisitionTest" name="edit_requisition" time="27.298"/>
  <system-out/>
  <testcase classname="GreenJeeva.Purchase.RequisitionTest" name="reject_requisition" time="46.367"/>
  <system-out/>
  <testcase classname="GreenJeeva.Purchase.RequisitionTest" name="delete_requisition" time="12.381"/>
  <system-out/>
  <testcase classname="GreenJeeva.Purchase.RequisitionTest" name="requitision_SortingOfCategory" time="35.217"/>
  <system-out/>
</testsuite> <!-- GreenJeeva.Purchase.RequisitionTest -->
