<?xml version="1.0" encoding="UTF-8"?>
<!-- Generated by org.testng.reporters.JUnitReportReporter -->
<testsuite hostname="DESKTOP-KDVKGQG" failures="0" tests="2" name="GreenJeeva.CancelRejectSOTest" time="81.620" errors="0" timestamp="2022-11-21T19:22:15 IST" skipped="0">
  <testcase classname="GreenJeeva.CancelRejectSOTest" name="cancel_Sales_Order" time="43.734"/>
  <system-out/>
  <testcase classname="GreenJeeva.CancelRejectSOTest" name="reject_Sales_Order" time="37.886"/>
  <system-out/>
</testsuite> <!-- GreenJeeva.CancelRejectSOTest -->
