<?xml version="1.0" encoding="UTF-8"?>
<!-- Generated by org.testng.reporters.JUnitReportReporter -->
<testsuite hostname="DESKTOP-KDVKGQG" failures="0" tests="6" name="GreenJeeva.Purchase.e2e_po_to_inboud_PutAway_prodReceived_pushtoinventory" time="155.098" errors="0" timestamp="2023-01-06T17:47:47 IST" skipped="0">
  <testcase classname="GreenJeeva.Purchase.e2e_po_to_inboud_PutAway_prodReceived_pushtoinventory" name="add_Purchase_Order" time="43.745"/>
  <system-out/>
  <testcase classname="GreenJeeva.Purchase.e2e_po_to_inboud_PutAway_prodReceived_pushtoinventory" name="add_COA_Document_to_PO" time="13.237"/>
  <system-out/>
  <testcase classname="GreenJeeva.Purchase.e2e_po_to_inboud_PutAway_prodReceived_pushtoinventory" name="add_Inbound_Tracking" time="35.823"/>
  <system-out/>
  <testcase classname="GreenJeeva.Purchase.e2e_po_to_inboud_PutAway_prodReceived_pushtoinventory" name="gerenate_PutAway_Sheet" time="13.999"/>
  <system-out/>
  <testcase classname="GreenJeeva.Purchase.e2e_po_to_inboud_PutAway_prodReceived_pushtoinventory" name="verifying_product_received_functionality_of_PO" time="25.251"/>
  <system-out/>
  <testcase classname="GreenJeeva.Purchase.e2e_po_to_inboud_PutAway_prodReceived_pushtoinventory" name="PO_push_to_inventory" time="23.043"/>
  <system-out/>
</testsuite> <!-- GreenJeeva.Purchase.e2e_po_to_inboud_PutAway_prodReceived_pushtoinventory -->
