<?xml version="1.0" encoding="UTF-8"?>
<!-- Generated by org.testng.reporters.JUnitReportReporter -->
<testsuite hostname="DESKTOP-KDVKGQG" failures="0" tests="1" name="GreenJeeva.convertSOtopackingListTest" time="41.908" errors="0" timestamp="2022-10-06T12:10:14 IST" skipped="0">
  <testcase classname="GreenJeeva.convertSOtopackingListTest" name="convert_so_to_packingList" time="41.908"/>
  <system-out/>
</testsuite> <!-- GreenJeeva.convertSOtopackingListTest -->
