<?xml version="1.0" encoding="UTF-8"?>
<!-- Generated by org.testng.reporters.JUnitReportReporter -->
<testsuite hostname="DESKTOP-KDVKGQG" failures="0" tests="8" name="GreenJeeva.Purchase.AccountPayableTest" time="67.562" errors="0" timestamp="2023-01-11T12:34:07 IST" skipped="1">
  <testcase classname="GreenJeeva.Purchase.AccountPayableTest" name="edit_account_payable" time="14.253"/>
  <system-out/>
  <testcase classname="GreenJeeva.Purchase.AccountPayableTest" name="download_pdf_account_Payable" time="6.626"/>
  <system-out/>
  <testcase classname="GreenJeeva.Purchase.AccountPayableTest" name="attach_file_account_payable" time="14.264"/>
  <system-out/>
  <testcase classname="GreenJeeva.Purchase.AccountPayableTest" name="delete_account_payable" time="9.045"/>
  <system-out/>
  <testcase classname="GreenJeeva.Purchase.AccountPayableTest" name="add_note_account_payable" time="8.299"/>
  <system-out/>
  <testcase classname="GreenJeeva.Purchase.AccountPayableTest" name="po_Level_attachment_account_payable" time="7.328"/>
  <system-out/>
  <testcase classname="GreenJeeva.Purchase.AccountPayableTest" name="print_account_payable" time="7.747"/>
  <system-out/>
  <testcase classname="GreenJeeva.Purchase.AccountPayableTest" name="PO_push_to_inventory">
    <skipped/>
  </testcase> <!-- PO_push_to_inventory -->
  <system-out/>
</testsuite> <!-- GreenJeeva.Purchase.AccountPayableTest -->
