<?xml version="1.0" encoding="UTF-8"?>
<!-- Generated by org.testng.reporters.JUnitReportReporter -->
<testsuite hostname="DESKTOP-KDVKGQG" failures="0" tests="1" name="GreenJeeva.EntityTest" time="19.841" errors="0" timestamp="2022-09-23T15:55:52 IST" skipped="0">
  <testcase classname="GreenJeeva.EntityTest" name="addNewCustomerEntity" time="19.841"/>
  <system-out/>
</testsuite> <!-- GreenJeeva.EntityTest -->
