<?xml version="1.0" encoding="UTF-8"?>
<!-- Generated by org.testng.reporters.JUnitReportReporter -->
<testsuite hostname="DESKTOP-KDVKGQG" failures="0" tests="1" name="GreenJeeva.convert_SO_to_invoice" time="40.236" errors="0" timestamp="2022-10-06T12:05:04 IST" skipped="0">
  <testcase classname="GreenJeeva.convert_SO_to_invoice" name="convert_so_to_invoice" time="40.236"/>
  <system-out/>
</testsuite> <!-- GreenJeeva.convert_SO_to_invoice -->
