<?xml version="1.0" encoding="UTF-8"?>
<!-- Generated by org.testng.reporters.JUnitReportReporter -->
<testsuite hostname="DESKTOP-KDVKGQG" failures="0" tests="1" name="GreenJeeva.HomePage" time="1.527" errors="0" timestamp="2022-08-29T14:15:23 IST" skipped="0">
  <testcase classname="GreenJeeva.HomePage" name="basePageNavigation" time="1.527"/>
  <system-out/>
</testsuite> <!-- GreenJeeva.HomePage -->
