<?xml version="1.0" encoding="UTF-8"?>
<!-- Generated by org.testng.reporters.JUnitReportReporter -->
<testsuite hostname="DESKTOP-KDVKGQG" failures="0" tests="2" name="GreenJeeva.Sales.EnquiriesTest" time="43.758" errors="0" timestamp="2022-12-07T12:21:04 IST" skipped="0">
  <testcase classname="GreenJeeva.Sales.EnquiriesTest" name="Enquiry_SortingOfPriorityVerification" time="29.596"/>
  <system-out/>
  <testcase classname="GreenJeeva.Sales.EnquiriesTest" name="Enquiry_SortingOfStatus" time="14.162"/>
  <system-out/>
</testsuite> <!-- GreenJeeva.Sales.EnquiriesTest -->
