<?xml version="1.0" encoding="UTF-8"?>
<!-- Generated by org.testng.reporters.JUnitReportReporter -->
<testsuite hostname="DESKTOP-KDVKGQG" failures="0" tests="3" name="GreenJeeva.Purchase.e2e_po_to_inboudtracking" time="65.761" errors="0" timestamp="2022-12-07T14:12:47 IST" skipped="0">
  <testcase classname="GreenJeeva.Purchase.e2e_po_to_inboudtracking" name="add_Purchase_Order" time="30.081"/>
  <system-out/>
  <testcase classname="GreenJeeva.Purchase.e2e_po_to_inboudtracking" name="add_COA_Document_to_PO" time="9.150"/>
  <system-out/>
  <testcase classname="GreenJeeva.Purchase.e2e_po_to_inboudtracking" name="add_Inbound_Tracking" time="26.530"/>
  <system-out/>
</testsuite> <!-- GreenJeeva.Purchase.e2e_po_to_inboudtracking -->
