<?xml version="1.0" encoding="UTF-8"?>
<!-- Generated by org.testng.reporters.JUnitReportReporter -->
<testsuite hostname="DESKTOP-KDVKGQG" failures="0" tests="1" name="GreenJeeva.Purchase.AccountPayableTest" time="14.094" errors="0" timestamp="2022-12-06T23:16:35 IST" skipped="0">
  <testcase classname="GreenJeeva.Purchase.AccountPayableTest" name="PO_push_to_inventory" time="14.094"/>
  <system-out/>
</testsuite> <!-- GreenJeeva.Purchase.AccountPayableTest -->
