<?xml version="1.0" encoding="UTF-8"?>
<!-- Generated by org.testng.reporters.JUnitReportReporter -->
<testsuite hostname="DESKTOP-KDVKGQG" failures="0" tests="3" name="GreenJeeva.Sales.e2e_enquiry_quotation_salesorder" time="94.438" errors="0" timestamp="2022-12-07T18:52:44 IST" skipped="0">
  <testcase classname="GreenJeeva.Sales.e2e_enquiry_quotation_salesorder" name="add_New_Enquiry" time="43.664"/>
  <system-out/>
  <testcase classname="GreenJeeva.Sales.e2e_enquiry_quotation_salesorder" name="convert_To_Quotation" time="24.696"/>
  <system-out/>
  <testcase classname="GreenJeeva.Sales.e2e_enquiry_quotation_salesorder" name="convert_To_SalesOrder" time="26.078"/>
  <system-out/>
</testsuite> <!-- GreenJeeva.Sales.e2e_enquiry_quotation_salesorder -->
