<?xml version="1.0" encoding="UTF-8"?>
<!-- Generated by org.testng.reporters.JUnitReportReporter -->
<testsuite hostname="DESKTOP-KDVKGQG" failures="0" tests="2" name="GreenJeeva.Purchase.InboundTrackingTest" time="25.553" errors="0" timestamp="2022-12-15T15:10:29 IST" skipped="0">
  <testcase classname="GreenJeeva.Purchase.InboundTrackingTest" name="delete_Inbound_Tracking" time="12.619"/>
  <system-out/>
  <testcase classname="GreenJeeva.Purchase.InboundTrackingTest" name="sorting_by_type_Inbound_Tracking" time="12.934"/>
  <system-out/>
</testsuite> <!-- GreenJeeva.Purchase.InboundTrackingTest -->
