<?xml version="1.0" encoding="UTF-8"?>
<!-- Generated by org.testng.reporters.JUnitReportReporter -->
<testsuite hostname="DESKTOP-KDVKGQG" failures="0" tests="1" name="GreenJeeva.RecordPayamentTest" time="34.050" errors="0" timestamp="2022-11-21T19:22:15 IST" skipped="0">
  <testcase classname="GreenJeeva.RecordPayamentTest" name="record_payent_for_Purchase_Order" time="34.050"/>
  <system-out/>
</testsuite> <!-- GreenJeeva.RecordPayamentTest -->
