<?xml version="1.0" encoding="UTF-8"?>
<!-- Generated by org.testng.reporters.JUnitReportReporter -->
<testsuite hostname="DESKTOP-KDVKGQG" failures="0" tests="5" name="GreenJeeva.ToBeSourcedTest" time="126.589" errors="0" timestamp="2022-11-21T19:22:15 IST" skipped="0">
  <testcase classname="GreenJeeva.ToBeSourcedTest" name="add_Enquiry_for_to_be_sourced" time="40.365"/>
  <system-out/>
  <testcase classname="GreenJeeva.ToBeSourcedTest" name="verifyToBeSourced" time="18.135"/>
  <system-out/>
  <testcase classname="GreenJeeva.ToBeSourcedTest" name="SortingOfPriorityVerificationInAssigned" time="25.273"/>
  <system-out/>
  <testcase classname="GreenJeeva.ToBeSourcedTest" name="enquiryMovedToAssigned" time="19.338"/>
  <system-out/>
  <testcase classname="GreenJeeva.ToBeSourcedTest" name="SortingOfPriorityVerificationInNotAssigned" time="23.478"/>
  <system-out/>
</testsuite> <!-- GreenJeeva.ToBeSourcedTest -->
