<?xml version="1.0" encoding="UTF-8"?>
<!-- Generated by org.testng.reporters.JUnitReportReporter -->
<testsuite hostname="DESKTOP-KDVKGQG" failures="0" tests="5" name="GreenJeeva.Purchase.RequisitionTest" time="93.756" errors="0" timestamp="2022-12-19T18:30:27 IST" skipped="0">
  <testcase classname="GreenJeeva.Purchase.RequisitionTest" name="add_requisition" time="20.214"/>
  <system-out/>
  <testcase classname="GreenJeeva.Purchase.RequisitionTest" name="edit_requisition" time="17.527"/>
  <system-out/>
  <testcase classname="GreenJeeva.Purchase.RequisitionTest" name="reject_requisition" time="22.973"/>
  <system-out/>
  <testcase classname="GreenJeeva.Purchase.RequisitionTest" name="delete_requisition" time="6.361"/>
  <system-out/>
  <testcase classname="GreenJeeva.Purchase.RequisitionTest" name="requitision_SortingOfCategory" time="26.681"/>
  <system-out/>
</testsuite> <!-- GreenJeeva.Purchase.RequisitionTest -->
