<?xml version="1.0" encoding="UTF-8"?>
<!-- Generated by org.testng.reporters.JUnitReportReporter -->
<testsuite hostname="DESKTOP-KDVKGQG" failures="0" tests="6" name="GreenJeeva.Purchase.InboundTrackingTest" time="93.354" errors="0" timestamp="2023-01-13T15:25:59 IST" skipped="0">
  <testcase classname="GreenJeeva.Purchase.InboundTrackingTest" name="edit_Inbound_Tracking" time="23.716"/>
  <system-out/>
  <testcase classname="GreenJeeva.Purchase.InboundTrackingTest" name="attach_file_Inbound_Tracking" time="21.191"/>
  <system-out/>
  <testcase classname="GreenJeeva.Purchase.InboundTrackingTest" name="delete_Inbound_Tracking" time="20.008"/>
  <system-out/>
  <testcase classname="GreenJeeva.Purchase.InboundTrackingTest" name="sorting_by_type_Inbound_Tracking" time="11.119"/>
  <system-out/>
  <testcase classname="GreenJeeva.Purchase.InboundTrackingTest" name="recieved_status_Inbound_Tracking" time="10.226"/>
  <system-out/>
  <testcase classname="GreenJeeva.Purchase.InboundTrackingTest" name="open_status_Inbound_Tracking" time="7.094"/>
  <system-out/>
</testsuite> <!-- GreenJeeva.Purchase.InboundTrackingTest -->
