<?xml version="1.0" encoding="UTF-8"?>
<!-- Generated by org.testng.reporters.JUnitReportReporter -->
<testsuite hostname="DESKTOP-KDVKGQG" failures="0" tests="2" name="GreenJeeva.Purchase.SourcingTest" time="36.230" errors="0" timestamp="2023-01-13T16:07:32 IST" skipped="1">
  <testcase classname="GreenJeeva.Purchase.SourcingTest" name="add_latest_sourcing_price" time="36.230"/>
  <system-out/>
  <testcase classname="GreenJeeva.Purchase.SourcingTest" name="add_new_sourcing">
    <skipped/>
  </testcase> <!-- add_new_sourcing -->
  <system-out/>
</testsuite> <!-- GreenJeeva.Purchase.SourcingTest -->
