<?xml version="1.0" encoding="UTF-8"?>
<!-- Generated by org.testng.reporters.JUnitReportReporter -->
<testsuite hostname="DESKTOP-KDVKGQG" failures="0" tests="3" name="GreenJeeva.Purchase.PurchaseOrderTest" time="57.836" errors="0" timestamp="2022-12-06T23:16:35 IST" skipped="0">
  <testcase classname="GreenJeeva.Purchase.PurchaseOrderTest" name="add_Purchase_Order" time="34.811"/>
  <system-out/>
  <testcase classname="GreenJeeva.Purchase.PurchaseOrderTest" name="add_COA_Document_to_PO" time="13.279"/>
  <system-out/>
  <testcase classname="GreenJeeva.Purchase.PurchaseOrderTest" name="PO_Updating_current_status" time="9.746"/>
  <system-out/>
</testsuite> <!-- GreenJeeva.Purchase.PurchaseOrderTest -->
