<?xml version="1.0" encoding="UTF-8"?>
<!-- Generated by org.testng.reporters.JUnitReportReporter -->
<testsuite hostname="DESKTOP-KDVKGQG" failures="0" tests="1" name="GreenJeeva.Sales.testclass" time="0.009" errors="0" timestamp="2022-12-13T15:10:16 IST" skipped="0">
  <testcase classname="GreenJeeva.Sales.testclass" name="testMethod" time="0.009"/>
  <system-out/>
</testsuite> <!-- GreenJeeva.Sales.testclass -->
