<?xml version="1.0" encoding="UTF-8"?>
<!-- Generated by org.testng.reporters.JUnitReportReporter -->
<testsuite hostname="DESKTOP-KDVKGQG" failures="0" tests="2" name="GreenJeeva.Sales.EnquiriesTest" time="47.809" errors="0" timestamp="2023-01-13T16:15:33 IST" skipped="0">
  <testcase classname="GreenJeeva.Sales.EnquiriesTest" name="Enquiry_SortingOfPriorityVerification" time="30.564"/>
  <system-out/>
  <testcase classname="GreenJeeva.Sales.EnquiriesTest" name="Enquiry_SortingOfStatus" time="17.245"/>
  <system-out/>
</testsuite> <!-- GreenJeeva.Sales.EnquiriesTest -->
