<?xml version="1.0" encoding="UTF-8"?>
<!-- Generated by org.testng.reporters.JUnitReportReporter -->
<testsuite hostname="DESKTOP-KDVKGQG" failures="0" tests="2" name="GreenJeeva.DeleteSOPO" time="63.772" errors="0" timestamp="2022-12-06T23:16:35 IST" skipped="0">
  <testcase classname="GreenJeeva.DeleteSOPO" name="delete_Sales_Order" time="36.334"/>
  <system-out/>
  <testcase classname="GreenJeeva.DeleteSOPO" name="delete_Purchase_Order" time="27.438"/>
  <system-out/>
</testsuite> <!-- GreenJeeva.DeleteSOPO -->
