<?xml version="1.0" encoding="UTF-8"?>
<!-- Generated by org.testng.reporters.JUnitReportReporter -->
<testsuite hostname="DESKTOP-KDVKGQG" failures="0" tests="1" name="GreenJeeva.MultipleEnquiryTest" time="96.320" errors="0" timestamp="2022-11-21T19:22:15 IST" skipped="0">
  <testcase classname="GreenJeeva.MultipleEnquiryTest" name="add_Enquiry_Multiple_Products" time="96.320"/>
  <system-out/>
</testsuite> <!-- GreenJeeva.MultipleEnquiryTest -->
