<?xml version="1.0" encoding="UTF-8"?>
<!-- Generated by org.testng.reporters.JUnitReportReporter -->
<testsuite hostname="DESKTOP-KDVKGQG" failures="0" tests="2" name="GreenJeeva.Sales.SaleOrderTest" time="43.808" errors="0" timestamp="2022-12-07T18:52:44 IST" skipped="0">
  <testcase classname="GreenJeeva.Sales.SaleOrderTest" name="add_Sales_Order" time="34.247"/>
  <system-out/>
  <testcase classname="GreenJeeva.Sales.SaleOrderTest" name="SO_Updating_current_status" time="9.561"/>
  <system-out/>
</testsuite> <!-- GreenJeeva.Sales.SaleOrderTest -->
