<?xml version="1.0" encoding="UTF-8"?>
<!-- Generated by org.testng.reporters.JUnitReportReporter -->
<testsuite hostname="DESKTOP-KDVKGQG" failures="0" tests="5" name="GreenJeeva.Sales.ToBeSourcedTest" time="141.890" errors="0" timestamp="2022-12-07T18:52:44 IST" skipped="0">
  <testcase classname="GreenJeeva.Sales.ToBeSourcedTest" name="add_Enquiry_for_to_be_sourced" time="46.719"/>
  <system-out/>
  <testcase classname="GreenJeeva.Sales.ToBeSourcedTest" name="verifyToBeSourced" time="19.875"/>
  <system-out/>
  <testcase classname="GreenJeeva.Sales.ToBeSourcedTest" name="SortingOfPriorityVerificationInAssigned" time="28.309"/>
  <system-out/>
  <testcase classname="GreenJeeva.Sales.ToBeSourcedTest" name="enquiryMovedToAssigned" time="20.332"/>
  <system-out/>
  <testcase classname="GreenJeeva.Sales.ToBeSourcedTest" name="SortingOfPriorityVerificationInNotAssigned" time="26.655"/>
  <system-out/>
</testsuite> <!-- GreenJeeva.Sales.ToBeSourcedTest -->
