<?xml version="1.0" encoding="UTF-8"?>
<!-- Generated by org.testng.reporters.JUnitReportReporter -->
<testsuite hostname="DESKTOP-KDVKGQG" failures="0" tests="1" name="GreenJeeva.testestestest" time="17.561" errors="0" timestamp="2022-10-11T14:56:29 IST" skipped="0">
  <testcase classname="GreenJeeva.testestestest" name="convert_To_SalesOrder" time="17.561"/>
  <system-out/>
</testsuite> <!-- GreenJeeva.testestestest -->
