<?xml version="1.0" encoding="UTF-8"?>
<!-- Generated by org.testng.reporters.JUnitReportReporter -->
<testsuite hostname="DESKTOP-KDVKGQG" failures="0" tests="5" name="GreenJeeva.Sales.EnquiryAddEditDeleteTest" time="126.822" errors="0" timestamp="2022-12-07T18:52:44 IST" skipped="0">
  <testcase classname="GreenJeeva.Sales.EnquiryAddEditDeleteTest" name="add_New_Enquiry" time="44.759"/>
  <system-out/>
  <testcase classname="GreenJeeva.Sales.EnquiryAddEditDeleteTest" name="edit_existing_Enquiry" time="27.525"/>
  <system-out/>
  <testcase classname="GreenJeeva.Sales.EnquiryAddEditDeleteTest" name="delete_existing_Enquiry" time="8.236"/>
  <system-out/>
  <testcase classname="GreenJeeva.Sales.EnquiryAddEditDeleteTest" name="Enquiry_SortingOfPriorityVerification" time="29.839"/>
  <system-out/>
  <testcase classname="GreenJeeva.Sales.EnquiryAddEditDeleteTest" name="Enquiry_SortingOfStatus" time="16.463"/>
  <system-out/>
</testsuite> <!-- GreenJeeva.Sales.EnquiryAddEditDeleteTest -->
