<?xml version="1.0" encoding="UTF-8"?>
<!-- Generated by org.testng.reporters.JUnitReportReporter -->
<testsuite hostname="DESKTOP-KDVKGQG" failures="0" tests="3" name="GreenJeeva.Purchase.PurchaseOrderTest" time="56.351" errors="0" timestamp="2022-12-09T15:17:40 IST" skipped="0">
  <testcase classname="GreenJeeva.Purchase.PurchaseOrderTest" name="add_Purchase_Order" time="34.103"/>
  <system-out/>
  <testcase classname="GreenJeeva.Purchase.PurchaseOrderTest" name="add_COA_Document_to_PO" time="12.416"/>
  <system-out/>
  <testcase classname="GreenJeeva.Purchase.PurchaseOrderTest" name="PO_Updating_current_status" time="9.832"/>
  <system-out/>
</testsuite> <!-- GreenJeeva.Purchase.PurchaseOrderTest -->
