<?xml version="1.0" encoding="UTF-8"?>
<!-- Generated by org.testng.reporters.JUnitReportReporter -->
<testsuite hostname="DESKTOP-KDVKGQG" failures="0" tests="2" name="GreenJeeva.Purchase.InboundTrackingTest" time="20.160" errors="0" timestamp="2022-12-19T18:30:27 IST" skipped="0">
  <testcase classname="GreenJeeva.Purchase.InboundTrackingTest" name="delete_Inbound_Tracking" time="10.373"/>
  <system-out/>
  <testcase classname="GreenJeeva.Purchase.InboundTrackingTest" name="sorting_by_type_Inbound_Tracking" time="9.787"/>
  <system-out/>
</testsuite> <!-- GreenJeeva.Purchase.InboundTrackingTest -->
