<?xml version="1.0" encoding="UTF-8"?>
<!-- Generated by org.testng.reporters.JUnitReportReporter -->
<testsuite hostname="DESKTOP-KDVKGQG" failures="0" tests="2" name="GreenJeeva.Purchase.AccountPayableTest" time="6.118" errors="0" timestamp="2023-01-23T15:46:46 IST" skipped="1">
  <testcase classname="GreenJeeva.Purchase.AccountPayableTest" name="download_pdf_account_Payable" time="6.118"/>
  <system-out/>
  <testcase classname="GreenJeeva.Purchase.AccountPayableTest" name="PO_push_to_inventory">
    <skipped/>
  </testcase> <!-- PO_push_to_inventory -->
  <system-out/>
</testsuite> <!-- GreenJeeva.Purchase.AccountPayableTest -->
