<?xml version="1.0" encoding="UTF-8"?>
<!-- Generated by org.testng.reporters.JUnitReportReporter -->
<testsuite hostname="DESKTOP-KDVKGQG" failures="0" tests="3" name="GreenJeeva.EnquiriesTest" time="102.640" errors="0" timestamp="2022-11-21T19:22:15 IST" skipped="0">
  <testcase classname="GreenJeeva.EnquiriesTest" name="add_New_Enquiry" time="53.024"/>
  <system-out/>
  <testcase classname="GreenJeeva.EnquiriesTest" name="Enquiry_SortingOfPriorityVerification" time="32.065"/>
  <system-out/>
  <testcase classname="GreenJeeva.EnquiriesTest" name="Enquiry_SortingOfStatus" time="17.551"/>
  <system-out/>
</testsuite> <!-- GreenJeeva.EnquiriesTest -->
