<?xml version="1.0" encoding="UTF-8"?>
<!-- Generated by org.testng.reporters.JUnitReportReporter -->
<testsuite hostname="DESKTOP-KDVKGQG" failures="0" tests="2" name="GreenJeeva.SaleOrderTest" time="47.497" errors="0" timestamp="2022-11-21T19:22:15 IST" skipped="0">
  <testcase classname="GreenJeeva.SaleOrderTest" name="add_Sales_Order" time="37.100"/>
  <system-out/>
  <testcase classname="GreenJeeva.SaleOrderTest" name="SO_Updating_current_status" time="10.397"/>
  <system-out/>
</testsuite> <!-- GreenJeeva.SaleOrderTest -->
