<?xml version="1.0" encoding="UTF-8"?>
<!-- Generated by org.testng.reporters.JUnitReportReporter -->
<testsuite hostname="DESKTOP-KDVKGQG" failures="0" tests="4" name="GreenJeeva.Purchase.AmountPaidTest" time="29.733" errors="0" timestamp="2023-01-24T16:24:41 IST" skipped="0">
  <testcase classname="GreenJeeva.Purchase.AmountPaidTest" name="print_amount_paid" time="6.311"/>
  <system-out/>
  <testcase classname="GreenJeeva.Purchase.AmountPaidTest" name="download_pdf_amount_paid" time="6.144"/>
  <system-out/>
  <testcase classname="GreenJeeva.Purchase.AmountPaidTest" name="edit_amount_paid" time="9.505"/>
  <system-out/>
  <testcase classname="GreenJeeva.Purchase.AmountPaidTest" name="delete_amount_paid" time="7.773"/>
  <system-out/>
</testsuite> <!-- GreenJeeva.Purchase.AmountPaidTest -->
