<?xml version="1.0" encoding="UTF-8"?>
<!-- Generated by org.testng.reporters.JUnitReportReporter -->
<testsuite hostname="DESKTOP-KDVKGQG" failures="0" tests="1" name="GreenJeeva.RMATest" time="66.942" errors="0" timestamp="2022-11-21T19:22:15 IST" skipped="0">
  <testcase classname="GreenJeeva.RMATest" name="SO_to_invoice_to_RMA" time="66.942"/>
  <system-out/>
</testsuite> <!-- GreenJeeva.RMATest -->
