<?xml version="1.0" encoding="UTF-8"?>
<!-- Generated by org.testng.reporters.JUnitReportReporter -->
<testsuite hostname="DESKTOP-KDVKGQG" failures="0" tests="6" name="GreenJeeva.Purchase.e2e_po_to_inboud_PutAway_prodReceived" time="117.587" errors="0" timestamp="2022-12-07T15:03:01 IST" skipped="0">
  <testcase classname="GreenJeeva.Purchase.e2e_po_to_inboud_PutAway_prodReceived" name="add_Purchase_Order" time="38.902"/>
  <system-out/>
  <testcase classname="GreenJeeva.Purchase.e2e_po_to_inboud_PutAway_prodReceived" name="add_COA_Document_to_PO" time="10.544"/>
  <system-out/>
  <testcase classname="GreenJeeva.Purchase.e2e_po_to_inboud_PutAway_prodReceived" name="add_Inbound_Tracking" time="33.948"/>
  <system-out/>
  <testcase classname="GreenJeeva.Purchase.e2e_po_to_inboud_PutAway_prodReceived" name="gerenate_PutAway_Sheet" time="9.653"/>
  <system-out/>
  <testcase classname="GreenJeeva.Purchase.e2e_po_to_inboud_PutAway_prodReceived" name="verifying_product_received_functionality_of_PO" time="14.131"/>
  <system-out/>
  <testcase classname="GreenJeeva.Purchase.e2e_po_to_inboud_PutAway_prodReceived" name="PO_push_to_inventory" time="10.409"/>
  <system-out/>
</testsuite> <!-- GreenJeeva.Purchase.e2e_po_to_inboud_PutAway_prodReceived -->
