<?xml version="1.0" encoding="UTF-8"?>
<!-- Generated by org.testng.reporters.JUnitReportReporter -->
<testsuite hostname="DESKTOP-KDVKGQG" failures="0" tests="5" name="GreenJeeva.Sales.EnquiryAddEditDelete" time="111.130" errors="0" timestamp="2022-12-07T13:15:26 IST" skipped="0">
  <testcase classname="GreenJeeva.Sales.EnquiryAddEditDelete" name="add_New_Enquiry" time="38.539"/>
  <system-out/>
  <testcase classname="GreenJeeva.Sales.EnquiryAddEditDelete" name="edit_existing_Enquiry" time="24.218"/>
  <system-out/>
  <testcase classname="GreenJeeva.Sales.EnquiryAddEditDelete" name="delete_existing_Enquiry" time="7.196"/>
  <system-out/>
  <testcase classname="GreenJeeva.Sales.EnquiryAddEditDelete" name="Enquiry_SortingOfPriorityVerification" time="26.800"/>
  <system-out/>
  <testcase classname="GreenJeeva.Sales.EnquiryAddEditDelete" name="Enquiry_SortingOfStatus" time="14.377"/>
  <system-out/>
</testsuite> <!-- GreenJeeva.Sales.EnquiryAddEditDelete -->
