<?xml version="1.0" encoding="UTF-8"?>
<!-- Generated by org.testng.reporters.JUnitReportReporter -->
<testsuite hostname="DESKTOP-KDVKGQG" failures="0" tests="5" name="GreenJeeva.Purchase.ToBeSourcedTest" time="127.033" errors="0" timestamp="2022-12-19T18:30:27 IST" skipped="0">
  <testcase classname="GreenJeeva.Purchase.ToBeSourcedTest" name="add_Enquiry_for_to_be_sourced" time="38.274"/>
  <system-out/>
  <testcase classname="GreenJeeva.Purchase.ToBeSourcedTest" name="verifyToBeSourced" time="17.432"/>
  <system-out/>
  <testcase classname="GreenJeeva.Purchase.ToBeSourcedTest" name="SortingOfPriorityVerificationInAssigned" time="27.848"/>
  <system-out/>
  <testcase classname="GreenJeeva.Purchase.ToBeSourcedTest" name="enquiryMovedToAssigned" time="19.332"/>
  <system-out/>
  <testcase classname="GreenJeeva.Purchase.ToBeSourcedTest" name="SortingOfPriorityVerificationInNotAssigned" time="24.147"/>
  <system-out/>
</testsuite> <!-- GreenJeeva.Purchase.ToBeSourcedTest -->
