<?xml version="1.0" encoding="UTF-8"?>
<!-- Generated by org.testng.reporters.JUnitReportReporter -->
<testsuite hostname="DESKTOP-KDVKGQG" failures="0" tests="1" name="GreenJeeva.Purchase.RecordPayamentTest" time="44.633" errors="0" timestamp="2023-01-06T17:58:36 IST" skipped="0">
  <testcase classname="GreenJeeva.Purchase.RecordPayamentTest" name="record_payent_for_Purchase_Order" time="44.633"/>
  <system-out/>
</testsuite> <!-- GreenJeeva.Purchase.RecordPayamentTest -->
