<?xml version="1.0" encoding="UTF-8"?>
<!-- Generated by org.testng.reporters.JUnitReportReporter -->
<testsuite hostname="DESKTOP-KDVKGQG" failures="0" tests="3" name="GreenJeeva.PurchaseOrderTest" time="56.499" errors="0" timestamp="2022-11-21T19:22:15 IST" skipped="0">
  <testcase classname="GreenJeeva.PurchaseOrderTest" name="add_Purchase_Order" time="36.155"/>
  <system-out/>
  <testcase classname="GreenJeeva.PurchaseOrderTest" name="add_COA_Document_to_PO" time="10.736"/>
  <system-out/>
  <testcase classname="GreenJeeva.PurchaseOrderTest" name="PO_Updating_current_status" time="9.608"/>
  <system-out/>
</testsuite> <!-- GreenJeeva.PurchaseOrderTest -->
