<?xml version="1.0" encoding="UTF-8"?>
<!-- Generated by org.testng.reporters.JUnitReportReporter -->
<testsuite hostname="DESKTOP-KDVKGQG" failures="0" tests="1" name="GreenJeeva.confluxHRtest" time="16.727" errors="0" timestamp="2022-10-21T10:23:25 IST" skipped="0">
  <testcase classname="GreenJeeva.confluxHRtest" name="confluxHR_test" time="16.727"/>
  <system-out/>
</testsuite> <!-- GreenJeeva.confluxHRtest -->
