<?xml version="1.0" encoding="UTF-8"?>
<!-- Generated by org.testng.reporters.JUnitReportReporter -->
<testsuite hostname="DESKTOP-KDVKGQG" failures="0" tests="2" name="GreenJeeva.Purchase.CancelRejectPOTest" time="72.187" errors="0" timestamp="2023-01-06T17:53:14 IST" skipped="0">
  <testcase classname="GreenJeeva.Purchase.CancelRejectPOTest" name="cancel_Purchase_Order" time="36.882"/>
  <system-out/>
  <testcase classname="GreenJeeva.Purchase.CancelRejectPOTest" name="reject_Purchase_Order" time="35.305"/>
  <system-out/>
</testsuite> <!-- GreenJeeva.Purchase.CancelRejectPOTest -->
