<?xml version="1.0" encoding="UTF-8"?>
<!-- Generated by org.testng.reporters.JUnitReportReporter -->
<testsuite hostname="DESKTOP-KDVKGQG" failures="0" tests="3" name="GreenJeeva.Sales.MultipleEnquiryTest" time="69.019" errors="0" timestamp="2022-11-30T11:15:07 IST" skipped="0">
  <testcase classname="GreenJeeva.Sales.MultipleEnquiryTest" name="add_Enquiry_Multiple_Products" time="46.386"/>
  <system-out/>
  <testcase classname="GreenJeeva.Sales.MultipleEnquiryTest" name="Delete_products_enquiry" time="14.519"/>
  <system-out/>
  <testcase classname="GreenJeeva.Sales.MultipleEnquiryTest" name="verify_product_in_enquiry" time="8.114"/>
  <system-out/>
</testsuite> <!-- GreenJeeva.Sales.MultipleEnquiryTest -->
