<?xml version="1.0" encoding="UTF-8"?>
<!-- Generated by org.testng.reporters.JUnitReportReporter -->
<testsuite hostname="DESKTOP-KDVKGQG" failures="0" tests="1" name="Sales.convertSOtopackingListTest" time="39.246" errors="0" timestamp="2022-11-23T15:02:26 IST" skipped="0">
  <testcase classname="Sales.convertSOtopackingListTest" name="convert_so_to_packingList" time="39.246"/>
  <system-out/>
</testsuite> <!-- Sales.convertSOtopackingListTest -->
