<?xml version="1.0" encoding="UTF-8"?>
<!-- Generated by org.testng.reporters.JUnitReportReporter -->
<testsuite hostname="DESKTOP-KDVKGQG" failures="0" tests="5" name="GreenJeeva.Purchase.PurchaseOrderTest" time="67.998" errors="0" timestamp="2022-12-19T19:02:14 IST" skipped="0">
  <testcase classname="GreenJeeva.Purchase.PurchaseOrderTest" name="add_purchase_order" time="29.933"/>
  <system-out/>
  <testcase classname="GreenJeeva.Purchase.PurchaseOrderTest" name="PO_Updating_current_status" time="11.271"/>
  <system-out/>
  <testcase classname="GreenJeeva.Purchase.PurchaseOrderTest" name="edit_purchase_order" time="9.044"/>
  <system-out/>
  <testcase classname="GreenJeeva.Purchase.PurchaseOrderTest" name="delete_purchase_order" time="10.272"/>
  <system-out/>
  <testcase classname="GreenJeeva.Purchase.PurchaseOrderTest" name="salesorder_SortingOfStatus" time="7.478"/>
  <system-out/>
</testsuite> <!-- GreenJeeva.Purchase.PurchaseOrderTest -->
