<?xml version="1.0" encoding="UTF-8"?>
<!-- Generated by org.testng.reporters.JUnitReportReporter -->
<testsuite hostname="DESKTOP-KDVKGQG" failures="0" tests="1" name="GreenJeeva.Purchase.PurchaseOrderTest" time="19.815" errors="0" timestamp="2022-12-13T11:29:19 IST" skipped="0">
  <testcase classname="GreenJeeva.Purchase.PurchaseOrderTest" name="delete_purchase_order" time="19.815"/>
  <system-out/>
</testsuite> <!-- GreenJeeva.Purchase.PurchaseOrderTest -->
