<?xml version="1.0" encoding="UTF-8"?>
<!-- Generated by org.testng.reporters.JUnitReportReporter -->
<testsuite hostname="DESKTOP-KDVKGQG" failures="0" tests="2" name="GreenJeeva.Purchase.RMATest" time="120.083" errors="0" timestamp="2023-01-25T17:03:51 IST" skipped="1">
  <testcase classname="GreenJeeva.Purchase.RMATest" name="delete_RMA" time="120.083"/>
  <system-out/>
  <testcase classname="GreenJeeva.Purchase.RMATest" name="edit_RMA">
    <skipped/>
  </testcase> <!-- edit_RMA -->
  <system-out/>
</testsuite> <!-- GreenJeeva.Purchase.RMATest -->
