<?xml version="1.0" encoding="UTF-8"?>
<!-- Generated by org.testng.reporters.JUnitReportReporter -->
<testsuite hostname="DESKTOP-KDVKGQG" failures="0" tests="1" name="GreenJeeva.Purchase.ToBeSourcedTest" time="43.639" errors="0" timestamp="2023-01-24T11:52:38 IST" skipped="0">
  <testcase classname="GreenJeeva.Purchase.ToBeSourcedTest" name="add_Enquiry_for_to_be_sourced" time="43.639"/>
  <system-out/>
</testsuite> <!-- GreenJeeva.Purchase.ToBeSourcedTest -->
