<?xml version="1.0" encoding="UTF-8"?>
<!-- Generated by org.testng.reporters.JUnitReportReporter -->
<testsuite hostname="DESKTOP-KDVKGQG" failures="0" tests="5" name="GreenJeeva.Sales.SaleOrderAddEditDelete" time="94.673" errors="0" timestamp="2022-12-09T15:01:07 IST" skipped="0">
  <testcase classname="GreenJeeva.Sales.SaleOrderAddEditDelete" name="add_Sales_Order" time="40.268"/>
  <system-out/>
  <testcase classname="GreenJeeva.Sales.SaleOrderAddEditDelete" name="so_updating_current_status" time="14.275"/>
  <system-out/>
  <testcase classname="GreenJeeva.Sales.SaleOrderAddEditDelete" name="edit_Sales_Order" time="17.796"/>
  <system-out/>
  <testcase classname="GreenJeeva.Sales.SaleOrderAddEditDelete" name="delete_Sales_Order" time="12.927"/>
  <system-out/>
  <testcase classname="GreenJeeva.Sales.SaleOrderAddEditDelete" name="salesorder_SortingOfStatus" time="9.407"/>
  <system-out/>
</testsuite> <!-- GreenJeeva.Sales.SaleOrderAddEditDelete -->
