<?xml version="1.0" encoding="UTF-8"?>
<!-- Generated by org.testng.reporters.JUnitReportReporter -->
<testsuite hostname="DESKTOP-KDVKGQG" failures="0" tests="2" name="GreenJeeva.Purchase.SourcingTest" time="169.507" errors="0" timestamp="2022-12-22T10:25:34 IST" skipped="1">
  <testcase classname="GreenJeeva.Purchase.SourcingTest" name="add_latest_sourcing_price" time="169.507"/>
  <system-out/>
  <testcase classname="GreenJeeva.Purchase.SourcingTest" name="addNewSourcing">
    <skipped/>
  </testcase> <!-- addNewSourcing -->
  <system-out/>
</testsuite> <!-- GreenJeeva.Purchase.SourcingTest -->
