<?xml version="1.0" encoding="UTF-8"?>
<!-- Generated by org.testng.reporters.JUnitReportReporter -->
<testsuite hostname="DESKTOP-KDVKGQG" failures="0" tests="1" name="GreenJeeva.Sales.e2e_convert_SO_to_packingList_Test" time="50.179" errors="0" timestamp="2022-12-07T18:52:44 IST" skipped="0">
  <testcase classname="GreenJeeva.Sales.e2e_convert_SO_to_packingList_Test" name="convert_so_to_packingList" time="50.179"/>
  <system-out/>
</testsuite> <!-- GreenJeeva.Sales.e2e_convert_SO_to_packingList_Test -->
