<?xml version="1.0" encoding="UTF-8"?>
<!-- Generated by org.testng.reporters.JUnitReportReporter -->
<testsuite hostname="DESKTOP-KDVKGQG" failures="0" tests="1" name="GreenJeeva.Sales.RMATest" time="69.861" errors="0" timestamp="2022-12-07T18:52:44 IST" skipped="0">
  <testcase classname="GreenJeeva.Sales.RMATest" name="SO_to_invoice_to_RMA" time="69.861"/>
  <system-out/>
</testsuite> <!-- GreenJeeva.Sales.RMATest -->
