<?xml version="1.0" encoding="UTF-8"?>
<!-- Generated by org.testng.reporters.JUnitReportReporter -->
<testsuite hostname="DESKTOP-KDVKGQG" failures="0" tests="2" name="GreenJeeva.CancelRejectPOTest" time="76.471" errors="0" timestamp="2022-11-21T19:22:15 IST" skipped="0">
  <testcase classname="GreenJeeva.CancelRejectPOTest" name="cancel_Purchase_Order" time="38.371"/>
  <system-out/>
  <testcase classname="GreenJeeva.CancelRejectPOTest" name="reject_Purchase_Order" time="38.100"/>
  <system-out/>
</testsuite> <!-- GreenJeeva.CancelRejectPOTest -->
