<?xml version="1.0" encoding="UTF-8"?>
<!-- Generated by org.testng.reporters.JUnitReportReporter -->
<testsuite hostname="DESKTOP-KDVKGQG" failures="0" tests="6" name="GreenJeeva.Purchase.e2e_po_to_inboud_PutAway_prodReceived_pushtoinventory" time="92.876" errors="0" timestamp="2022-12-19T19:06:02 IST" skipped="0">
  <testcase classname="GreenJeeva.Purchase.e2e_po_to_inboud_PutAway_prodReceived_pushtoinventory" name="add_Purchase_Order" time="29.946"/>
  <system-out/>
  <testcase classname="GreenJeeva.Purchase.e2e_po_to_inboud_PutAway_prodReceived_pushtoinventory" name="add_COA_Document_to_PO" time="9.145"/>
  <system-out/>
  <testcase classname="GreenJeeva.Purchase.e2e_po_to_inboud_PutAway_prodReceived_pushtoinventory" name="add_Inbound_Tracking" time="27.488"/>
  <system-out/>
  <testcase classname="GreenJeeva.Purchase.e2e_po_to_inboud_PutAway_prodReceived_pushtoinventory" name="gerenate_PutAway_Sheet" time="7.800"/>
  <system-out/>
  <testcase classname="GreenJeeva.Purchase.e2e_po_to_inboud_PutAway_prodReceived_pushtoinventory" name="verifying_product_received_functionality_of_PO" time="10.022"/>
  <system-out/>
  <testcase classname="GreenJeeva.Purchase.e2e_po_to_inboud_PutAway_prodReceived_pushtoinventory" name="PO_push_to_inventory" time="8.475"/>
  <system-out/>
</testsuite> <!-- GreenJeeva.Purchase.e2e_po_to_inboud_PutAway_prodReceived_pushtoinventory -->
