<?xml version="1.0" encoding="UTF-8"?>
<!-- Generated by org.testng.reporters.JUnitReportReporter -->
<testsuite hostname="DESKTOP-KDVKGQG" failures="0" tests="1" name="GreenJeeva.Purchase.PaidInvoiceTest" time="147.912" errors="0" timestamp="2023-01-19T15:09:17 IST" skipped="0">
  <testcase classname="GreenJeeva.Purchase.PaidInvoiceTest" name="delete_paid_invoice" time="147.912"/>
  <system-out/>
</testsuite> <!-- GreenJeeva.Purchase.PaidInvoiceTest -->
