<?xml version="1.0" encoding="UTF-8"?>
<!-- Generated by org.testng.reporters.JUnitReportReporter -->
<testsuite hostname="DESKTOP-KDVKGQG" failures="0" tests="10" name="GreenJeeva.Purchase.PurchaseOrderTest" time="176.130" errors="0" timestamp="2023-01-13T15:18:54 IST" skipped="0">
  <testcase classname="GreenJeeva.Purchase.PurchaseOrderTest" name="add_purchase_order" time="57.483"/>
  <system-out/>
  <testcase classname="GreenJeeva.Purchase.PurchaseOrderTest" name="PO_Updating_current_status" time="17.119"/>
  <system-out/>
  <testcase classname="GreenJeeva.Purchase.PurchaseOrderTest" name="edit_purchase_order" time="15.227"/>
  <system-out/>
  <testcase classname="GreenJeeva.Purchase.PurchaseOrderTest" name="delete_purchase_order" time="13.756"/>
  <system-out/>
  <testcase classname="GreenJeeva.Purchase.PurchaseOrderTest" name="purchaseorder_SortingOfStatus" time="8.503"/>
  <system-out/>
  <testcase classname="GreenJeeva.Purchase.PurchaseOrderTest" name="add_note_purchase_order" time="10.422"/>
  <system-out/>
  <testcase classname="GreenJeeva.Purchase.PurchaseOrderTest" name="download_pdf_purchase_order" time="13.884"/>
  <system-out/>
  <testcase classname="GreenJeeva.Purchase.PurchaseOrderTest" name="attach_file_client_purchase_order" time="12.720"/>
  <system-out/>
  <testcase classname="GreenJeeva.Purchase.PurchaseOrderTest" name="view_as_client_purchase_order" time="13.487"/>
  <system-out/>
  <testcase classname="GreenJeeva.Purchase.PurchaseOrderTest" name="print_purchase_order" time="13.529"/>
  <system-out/>
</testsuite> <!-- GreenJeeva.Purchase.PurchaseOrderTest -->
