<?xml version="1.0" encoding="UTF-8"?>
<!-- Generated by org.testng.reporters.JUnitReportReporter -->
<testsuite hostname="DESKTOP-KDVKGQG" failures="0" tests="4" name="GreenJeeva.Sales.QuotationsEditDeleteTest" time="125.579" errors="0" timestamp="2022-12-08T14:42:39 IST" skipped="0">
  <testcase classname="GreenJeeva.Sales.QuotationsEditDeleteTest" name="edit_quotation" time="51.386"/>
  <system-out/>
  <testcase classname="GreenJeeva.Sales.QuotationsEditDeleteTest" name="delete_quotation" time="16.737"/>
  <system-out/>
  <testcase classname="GreenJeeva.Sales.QuotationsEditDeleteTest" name="quotation_salesRep_sorting" time="15.598"/>
  <system-out/>
  <testcase classname="GreenJeeva.Sales.QuotationsEditDeleteTest" name="Enquiry_SortingOfStatus" time="41.858"/>
  <system-out/>
</testsuite> <!-- GreenJeeva.Sales.QuotationsEditDeleteTest -->
