<?xml version="1.0" encoding="UTF-8"?>
<!-- Generated by org.testng.reporters.JUnitReportReporter -->
<testsuite hostname="DESKTOP-KDVKGQG" failures="0" tests="2" name="GreenJeeva.Sales.CancelRejectSOTest" time="81.942" errors="0" timestamp="2022-12-07T18:52:44 IST" skipped="0">
  <testcase classname="GreenJeeva.Sales.CancelRejectSOTest" name="cancel_Sales_Order" time="42.126"/>
  <system-out/>
  <testcase classname="GreenJeeva.Sales.CancelRejectSOTest" name="reject_Sales_Order" time="39.816"/>
  <system-out/>
</testsuite> <!-- GreenJeeva.Sales.CancelRejectSOTest -->
