<?xml version="1.0" encoding="UTF-8"?>
<!-- Generated by org.testng.reporters.JUnitReportReporter -->
<testsuite hostname="DESKTOP-KDVKGQG" failures="0" tests="5" name="GreenJeeva.Purchase.ToBeSourcedTest" time="135.230" errors="0" timestamp="2023-01-09T14:28:12 IST" skipped="0">
  <testcase classname="GreenJeeva.Purchase.ToBeSourcedTest" name="add_Enquiry_for_to_be_sourced" time="39.023"/>
  <system-out/>
  <testcase classname="GreenJeeva.Purchase.ToBeSourcedTest" name="verifyToBeSourced" time="20.332"/>
  <system-out/>
  <testcase classname="GreenJeeva.Purchase.ToBeSourcedTest" name="SortingOfPriorityVerificationInAssigned" time="28.642"/>
  <system-out/>
  <testcase classname="GreenJeeva.Purchase.ToBeSourcedTest" name="enquiryMovedToAssigned" time="20.901"/>
  <system-out/>
  <testcase classname="GreenJeeva.Purchase.ToBeSourcedTest" name="SortingOfPriorityVerificationInNotAssigned" time="26.332"/>
  <system-out/>
</testsuite> <!-- GreenJeeva.Purchase.ToBeSourcedTest -->
