<?xml version="1.0" encoding="UTF-8"?>
<!-- Generated by org.testng.reporters.JUnitReportReporter -->
<testsuite hostname="DESKTOP-KDVKGQG" failures="0" tests="1" name="GreenJeeva.Sales.QuotationsTest" time="12.701" errors="0" timestamp="2022-12-07T12:23:10 IST" skipped="0">
  <testcase classname="GreenJeeva.Sales.QuotationsTest" name="quotation_salesRep_sorting" time="12.701"/>
  <system-out/>
</testsuite> <!-- GreenJeeva.Sales.QuotationsTest -->
