<?xml version="1.0" encoding="UTF-8"?>
<!-- Generated by org.testng.reporters.JUnitReportReporter -->
<testsuite hostname="DESKTOP-KDVKGQG" failures="0" tests="2" name="GreenJeeva.Purchase.SourcingTest" time="40.352" errors="0" timestamp="2022-12-22T10:48:19 IST" skipped="1">
  <testcase classname="GreenJeeva.Purchase.SourcingTest" name="add_latest_sourcing_price" time="40.352"/>
  <system-out/>
  <testcase classname="GreenJeeva.Purchase.SourcingTest" name="add_new_sourcing">
    <skipped/>
  </testcase> <!-- add_new_sourcing -->
  <system-out/>
</testsuite> <!-- GreenJeeva.Purchase.SourcingTest -->
